<?xml version="1.0" encoding="UTF-8"?>
<!-- Generated by org.testng.reporters.JUnitReportReporter -->
<testsuite skipped="0" hostname="DESKTOP-BKDAP12" name="com.qa.testCases.HomeTestCase" tests="1" failures="0" timestamp="03 Apr 2019 06:44:04 GMT" time="14.144" errors="0">
  <testcase name="ContactUs" time="14.144" classname="com.qa.testCases.HomeTestCase"/>
</testsuite> <!-- com.qa.testCases.HomeTestCase -->
